<?xml version="1.0" encoding="UTF-8"?>
<TestRun id="891350e5-7a73-4e0e-8662-404912235a8e" name="Gaby@GABY-PC 2012-08-06 15:17:46" runUser="Gaby-PC\Gaby" xmlns="http://microsoft.com/schemas/VisualStudio/TeamTest/2010">
  <TestSettings name="Default Test Settings" id="b9ecbb91-2c2b-479b-a165-d7bdf0ce77ca">
    <Execution>
      <TestTypeSpecific />
      <AgentRule name="Execution Agents">
      </AgentRule>
    </Execution>
    <Deployment runDeploymentRoot="Gaby_GABY-PC 2012-08-06 15_17_46" />
  </TestSettings>
  <Times creation="2012-08-06T15:17:46.9230000-03:00" queuing="2012-08-06T15:17:47.5250000-03:00" start="2012-08-06T15:17:47.8620000-03:00" finish="2012-08-06T15:17:48.7660000-03:00" />
  <ResultSummary outcome="Inconclusive">
    <Counters total="1" executed="1" error="0" failed="0" timeout="0" aborted="0" inconclusive="1" passedButRunAborted="0" notRunnable="0" notExecuted="0" disconnected="0" warning="0" passed="0" completed="0" inProgress="0" pending="0" />
  </ResultSummary>
  <TestDefinitions>
    <UnitTest name="AProjectShouldHaveAName" storage="d:\gl\scrum\scrumboard\tests\specs\bin\debug\scrumboard.specs.dll" id="9bcca343-b7e7-300b-ae17-436385c1fe2d">
      <Description>A project should have a name</Description>
      <Execution timeOut="1800000" id="cb48b05e-28b3-42be-8661-1b6ed7a6be66" />
      <Properties>
        <Property>
          <Key>FeatureTitle</Key>
          <Value>Project</Value>
        </Property>
      </Properties>
      <TestMethod codeBase="D:/GL/Scrum/ScrumBoard/Tests/Specs/bin/Debug/ScrumBoard.Specs.DLL" adapterTypeName="Microsoft.VisualStudio.TestTools.TestTypes.Unit.UnitTestAdapter, Microsoft.VisualStudio.QualityTools.Tips.UnitTest.Adapter, Version=10.0.0.0, Culture=neutral, PublicKeyToken=b03f5f7f11d50a3a" className="ScrumBoard.Specs.ProjectFeature, ScrumBoard.Specs, Version=1.0.0.0, Culture=neutral, PublicKeyToken=null" name="AProjectShouldHaveAName" />
    </UnitTest>
  </TestDefinitions>
  <TestLists>
    <TestList name="Results Not in a List" id="8c84fa94-04c1-424b-9868-57a2d4851a1d" />
    <TestList name="All Loaded Results" id="19431567-8539-422a-85d7-44ee4e166bda" />
  </TestLists>
  <TestEntries>
    <TestEntry testId="9bcca343-b7e7-300b-ae17-436385c1fe2d" executionId="cb48b05e-28b3-42be-8661-1b6ed7a6be66" testListId="8c84fa94-04c1-424b-9868-57a2d4851a1d" />
  </TestEntries>
  <Results>
    <UnitTestResult executionId="cb48b05e-28b3-42be-8661-1b6ed7a6be66" testId="9bcca343-b7e7-300b-ae17-436385c1fe2d" testName="AProjectShouldHaveAName" computerName="GABY-PC" duration="00:00:00.4672966" startTime="2012-08-06T15:17:47.9020000-03:00" endTime="2012-08-06T15:17:48.6820000-03:00" testType="13cdc9d9-ddb5-4fa4-a97d-d965ccfc6d4b" outcome="Inconclusive" testListId="8c84fa94-04c1-424b-9868-57a2d4851a1d" relativeResultsDirectory="cb48b05e-28b3-42be-8661-1b6ed7a6be66">
      <Output>
        <StdOut>Given I have a project
-&gt; done: ProjectSteps.GivenIHaveAProject() (0.0s)
Then I should be hable to assign a name to it
-&gt; pending: ProjectSteps.ThenIShouldBeHableToAssignANameToIt()</StdOut>
        <ErrorInfo>
          <Message>Assert.Inconclusive failed. One or more step definitions are not implemented yet.
  ProjectSteps.ThenIShouldBeHableToAssignANameToIt()</Message>
          <StackTrace>   at lambda_method(Closure , String , Object[] )
   at TechTalk.SpecFlow.UnitTestProvider.MsTestRuntimeProvider.TestInconclusive(String message)
   at TechTalk.SpecFlow.UnitTestProvider.MsTestRuntimeProvider.TestPending(String message)
   at TechTalk.SpecFlow.ErrorHandling.ErrorProvider.ThrowPendingError(TestStatus testStatus, String message)
   at TechTalk.SpecFlow.Infrastructure.TestExecutionEngine.OnAfterLastStep()
   at TechTalk.SpecFlow.TestRunner.CollectScenarioErrors()
   at ScrumBoard.Specs.ProjectFeature.ScenarioCleanup() in D:\GL\Scrum\ScrumBoard\Tests\Specs\Project.feature.cs:line 0
   at ScrumBoard.Specs.ProjectFeature.AProjectShouldHaveAName() in d:\GL\Scrum\ScrumBoard\Tests\Specs\Project.feature:line 8
</StackTrace>
        </ErrorInfo>
      </Output>
    </UnitTestResult>
  </Results>
</TestRun>