<?xml version="1.0" encoding="UTF-8"?>
<TestRun id="54910fef-7647-4dda-a5cd-b862a152c863" name="Gaby@GABY-PC 2012-08-06 17:08:01" runUser="Gaby-PC\Gaby" xmlns="http://microsoft.com/schemas/VisualStudio/TeamTest/2010">
  <TestSettings name="Default Test Settings" id="1a82c75b-4cdf-4b7d-ae97-0f7ca483cda9">
    <Execution>
      <TestTypeSpecific />
      <AgentRule name="Execution Agents">
      </AgentRule>
    </Execution>
    <Deployment runDeploymentRoot="Gaby_GABY-PC 2012-08-06 17_08_01" />
  </TestSettings>
  <Times creation="2012-08-06T17:08:01.2330000-03:00" queuing="2012-08-06T17:08:02.1250000-03:00" start="2012-08-06T17:08:02.6970000-03:00" finish="2012-08-06T17:08:03.7790000-03:00" />
  <ResultSummary outcome="Completed">
    <Counters total="3" executed="3" passed="3" error="0" failed="0" timeout="0" aborted="0" inconclusive="0" passedButRunAborted="0" notRunnable="0" notExecuted="0" disconnected="0" warning="0" completed="0" inProgress="0" pending="0" />
  </ResultSummary>
  <TestDefinitions>
    <UnitTest name="AProjectShouldHaveAName" storage="d:\gl\scrum\scrumboard\tests\specs\bin\debug\scrumboard.specs.dll" id="9bcca343-b7e7-300b-ae17-436385c1fe2d">
      <Description>A project should have a name</Description>
      <Execution timeOut="1800000" id="59503102-ec86-41c5-b3c6-fef1b3598a41" />
      <Properties>
        <Property>
          <Key>FeatureTitle</Key>
          <Value>Project</Value>
        </Property>
      </Properties>
      <TestMethod codeBase="D:/GL/Scrum/ScrumBoard/Tests/Specs/bin/Debug/ScrumBoard.Specs.DLL" adapterTypeName="Microsoft.VisualStudio.TestTools.TestTypes.Unit.UnitTestAdapter, Microsoft.VisualStudio.QualityTools.Tips.UnitTest.Adapter, Version=10.0.0.0, Culture=neutral, PublicKeyToken=b03f5f7f11d50a3a" className="ScrumBoard.Specs.ProjectFeature, ScrumBoard.Specs, Version=1.0.0.0, Culture=neutral, PublicKeyToken=null" name="AProjectShouldHaveAName" />
    </UnitTest>
    <UnitTest name="AProjectShouldHaveABacklog" storage="d:\gl\scrum\scrumboard\tests\specs\bin\debug\scrumboard.specs.dll" id="6ebe4eec-fbe9-caaf-0a7f-0a6912e407ef">
      <Description>A project should have a backlog</Description>
      <Execution timeOut="1800000" id="aabddd3a-0188-442f-b557-904b5a0cf2f9" />
      <Properties>
        <Property>
          <Key>FeatureTitle</Key>
          <Value>Project</Value>
        </Property>
      </Properties>
      <TestMethod codeBase="D:/GL/Scrum/ScrumBoard/Tests/Specs/bin/Debug/ScrumBoard.Specs.DLL" adapterTypeName="Microsoft.VisualStudio.TestTools.TestTypes.Unit.UnitTestAdapter, Microsoft.VisualStudio.QualityTools.Tips.UnitTest.Adapter, Version=10.0.0.0, Culture=neutral, PublicKeyToken=b03f5f7f11d50a3a" className="ScrumBoard.Specs.ProjectFeature, ScrumBoard.Specs, Version=1.0.0.0, Culture=neutral, PublicKeyToken=null" name="AProjectShouldHaveABacklog" />
    </UnitTest>
    <UnitTest name="IShouldBeHableToUniquelyIdentifyAProject" storage="d:\gl\scrum\scrumboard\tests\specs\bin\debug\scrumboard.specs.dll" id="263d0a80-81bd-30ec-e60b-4219a627a337">
      <Description>I should be hable to uniquely identify a project</Description>
      <Execution timeOut="1800000" id="1564dc87-a1ff-412d-9237-ab41c4fc60d2" />
      <Properties>
        <Property>
          <Key>FeatureTitle</Key>
          <Value>Project</Value>
        </Property>
      </Properties>
      <TestMethod codeBase="D:/GL/Scrum/ScrumBoard/Tests/Specs/bin/Debug/ScrumBoard.Specs.DLL" adapterTypeName="Microsoft.VisualStudio.TestTools.TestTypes.Unit.UnitTestAdapter, Microsoft.VisualStudio.QualityTools.Tips.UnitTest.Adapter, Version=10.0.0.0, Culture=neutral, PublicKeyToken=b03f5f7f11d50a3a" className="ScrumBoard.Specs.ProjectFeature, ScrumBoard.Specs, Version=1.0.0.0, Culture=neutral, PublicKeyToken=null" name="IShouldBeHableToUniquelyIdentifyAProject" />
    </UnitTest>
  </TestDefinitions>
  <TestLists>
    <TestList name="Results Not in a List" id="8c84fa94-04c1-424b-9868-57a2d4851a1d" />
    <TestList name="All Loaded Results" id="19431567-8539-422a-85d7-44ee4e166bda" />
  </TestLists>
  <TestEntries>
    <TestEntry testId="6ebe4eec-fbe9-caaf-0a7f-0a6912e407ef" executionId="aabddd3a-0188-442f-b557-904b5a0cf2f9" testListId="8c84fa94-04c1-424b-9868-57a2d4851a1d" />
    <TestEntry testId="9bcca343-b7e7-300b-ae17-436385c1fe2d" executionId="59503102-ec86-41c5-b3c6-fef1b3598a41" testListId="8c84fa94-04c1-424b-9868-57a2d4851a1d" />
    <TestEntry testId="263d0a80-81bd-30ec-e60b-4219a627a337" executionId="1564dc87-a1ff-412d-9237-ab41c4fc60d2" testListId="8c84fa94-04c1-424b-9868-57a2d4851a1d" />
  </TestEntries>
  <Results>
    <UnitTestResult executionId="aabddd3a-0188-442f-b557-904b5a0cf2f9" testId="6ebe4eec-fbe9-caaf-0a7f-0a6912e407ef" testName="AProjectShouldHaveABacklog" computerName="GABY-PC" duration="00:00:00.3862790" startTime="2012-08-06T17:08:02.7690000-03:00" endTime="2012-08-06T17:08:03.6200000-03:00" testType="13cdc9d9-ddb5-4fa4-a97d-d965ccfc6d4b" outcome="Passed" testListId="8c84fa94-04c1-424b-9868-57a2d4851a1d" relativeResultsDirectory="aabddd3a-0188-442f-b557-904b5a0cf2f9">
      <Output>
        <StdOut>Given I have a project
-&gt; done: ProjectSteps.GivenIHaveAProject() (0.0s)
Then It should have a backlog
-&gt; done: ProjectSteps.ThenItShouldHaveABacklog() (0.0s)</StdOut>
      </Output>
    </UnitTestResult>
    <UnitTestResult executionId="59503102-ec86-41c5-b3c6-fef1b3598a41" testId="9bcca343-b7e7-300b-ae17-436385c1fe2d" testName="AProjectShouldHaveAName" computerName="GABY-PC" duration="00:00:00.0080813" startTime="2012-08-06T17:08:03.6260000-03:00" endTime="2012-08-06T17:08:03.6450000-03:00" testType="13cdc9d9-ddb5-4fa4-a97d-d965ccfc6d4b" outcome="Passed" testListId="8c84fa94-04c1-424b-9868-57a2d4851a1d" relativeResultsDirectory="59503102-ec86-41c5-b3c6-fef1b3598a41">
      <Output>
        <StdOut>Given I have a project
-&gt; done: ProjectSteps.GivenIHaveAProject() (0.0s)
Then I should be hable to assign a name to it
-&gt; done: ProjectSteps.ThenIShouldBeHableToAssignANameToIt() (0.0s)</StdOut>
      </Output>
    </UnitTestResult>
    <UnitTestResult executionId="1564dc87-a1ff-412d-9237-ab41c4fc60d2" testId="263d0a80-81bd-30ec-e60b-4219a627a337" testName="IShouldBeHableToUniquelyIdentifyAProject" computerName="GABY-PC" duration="00:00:00.0084879" startTime="2012-08-06T17:08:03.6470000-03:00" endTime="2012-08-06T17:08:03.6650000-03:00" testType="13cdc9d9-ddb5-4fa4-a97d-d965ccfc6d4b" outcome="Passed" testListId="8c84fa94-04c1-424b-9868-57a2d4851a1d" relativeResultsDirectory="1564dc87-a1ff-412d-9237-ab41c4fc60d2">
      <Output>
        <StdOut>Given I have a project
-&gt; done: ProjectSteps.GivenIHaveAProject() (0.0s)
Then It should have a unique key
-&gt; done: GenericSteps.ThenIShouldBeHableToUniquelyIdentifyIt() (0.0s)</StdOut>
      </Output>
    </UnitTestResult>
  </Results>
</TestRun>