<?xml version="1.0" encoding="UTF-8"?>
<TestRun id="ace30020-fb4f-42fe-9399-c43bfabe5ff5" name="Gaby@GABY-PC 2012-08-06 13:38:01" runUser="Gaby-PC\Gaby" xmlns="http://microsoft.com/schemas/VisualStudio/TeamTest/2010">
  <TestSettings name="Default Test Settings" id="fdc4b2ad-211a-4345-8906-c449073ae3f2">
    <Execution>
      <TestTypeSpecific />
      <AgentRule name="Execution Agents">
      </AgentRule>
    </Execution>
    <Deployment runDeploymentRoot="Gaby_GABY-PC 2012-08-06 13_38_01" />
  </TestSettings>
  <Times creation="2012-08-06T13:38:01.2600000-03:00" queuing="2012-08-06T13:38:02.2230000-03:00" start="2012-08-06T13:38:02.6910000-03:00" finish="2012-08-06T13:38:03.8830000-03:00" />
  <ResultSummary outcome="Inconclusive">
    <Counters total="1" executed="1" error="0" failed="0" timeout="0" aborted="0" inconclusive="1" passedButRunAborted="0" notRunnable="0" notExecuted="0" disconnected="0" warning="0" passed="0" completed="0" inProgress="0" pending="0" />
  </ResultSummary>
  <TestDefinitions>
    <UnitTest name="AddUserStory" storage="d:\gl\scrum\scrumboard\tests\specs\bin\debug\scrumboard.specs.dll" id="6dc10f22-9326-1114-4aac-09d13f12d7a3">
      <Description>Add User Story</Description>
      <Execution timeOut="1800000" id="69766ca3-9b45-4e77-b167-f70e4353b6d3" />
      <TestCategory>
        <TestCategoryItem TestCategory="mytag" />
      </TestCategory>
      <Properties>
        <Property>
          <Key>FeatureTitle</Key>
          <Value>Product Backlog</Value>
        </Property>
      </Properties>
      <TestMethod codeBase="D:/GL/Scrum/ScrumBoard/Tests/Specs/bin/Debug/ScrumBoard.Specs.DLL" adapterTypeName="Microsoft.VisualStudio.TestTools.TestTypes.Unit.UnitTestAdapter, Microsoft.VisualStudio.QualityTools.Tips.UnitTest.Adapter, Version=10.0.0.0, Culture=neutral, PublicKeyToken=b03f5f7f11d50a3a" className="ScrumBoard.Specs.ProductBacklogFeature, ScrumBoard.Specs, Version=1.0.0.0, Culture=neutral, PublicKeyToken=null" name="AddUserStory" />
    </UnitTest>
  </TestDefinitions>
  <TestLists>
    <TestList name="Results Not in a List" id="8c84fa94-04c1-424b-9868-57a2d4851a1d" />
    <TestList name="All Loaded Results" id="19431567-8539-422a-85d7-44ee4e166bda" />
  </TestLists>
  <TestEntries>
    <TestEntry testId="6dc10f22-9326-1114-4aac-09d13f12d7a3" executionId="69766ca3-9b45-4e77-b167-f70e4353b6d3" testListId="8c84fa94-04c1-424b-9868-57a2d4851a1d" />
  </TestEntries>
  <Results>
    <UnitTestResult executionId="69766ca3-9b45-4e77-b167-f70e4353b6d3" testId="6dc10f22-9326-1114-4aac-09d13f12d7a3" testName="AddUserStory" computerName="GABY-PC" duration="00:00:00.5248370" startTime="2012-08-06T13:38:02.9050000-03:00" endTime="2012-08-06T13:38:03.7920000-03:00" testType="13cdc9d9-ddb5-4fa4-a97d-d965ccfc6d4b" outcome="Inconclusive" testListId="8c84fa94-04c1-424b-9868-57a2d4851a1d" relativeResultsDirectory="69766ca3-9b45-4e77-b167-f70e4353b6d3">
      <Output>
        <StdOut>Given I have a Product Backlog
-&gt; pending: ProductBacklogSteps.GivenIHaveAProductBacklog()
Then I should be able to add a User Story
-&gt; skipped because of previous errors</StdOut>
        <ErrorInfo>
          <Message>Assert.Inconclusive failed. One or more step definitions are not implemented yet.
  ProductBacklogSteps.GivenIHaveAProductBacklog()</Message>
          <StackTrace>   at lambda_method(Closure , String , Object[] )
   at TechTalk.SpecFlow.UnitTestProvider.MsTestRuntimeProvider.TestInconclusive(String message)
   at TechTalk.SpecFlow.UnitTestProvider.MsTestRuntimeProvider.TestPending(String message)
   at TechTalk.SpecFlow.ErrorHandling.ErrorProvider.ThrowPendingError(TestStatus testStatus, String message)
   at TechTalk.SpecFlow.Infrastructure.TestExecutionEngine.OnAfterLastStep()
   at TechTalk.SpecFlow.TestRunner.CollectScenarioErrors()
   at ScrumBoard.Specs.ProductBacklogFeature.ScenarioCleanup() in D:\GL\Scrum\ScrumBoard\Tests\Specs\ProductBacklog.feature.cs:line 0
   at ScrumBoard.Specs.ProductBacklogFeature.AddUserStory() in d:\GL\Scrum\ScrumBoard\Tests\Specs\ProductBacklog.feature:line 10
</StackTrace>
        </ErrorInfo>
      </Output>
    </UnitTestResult>
  </Results>
</TestRun>