<?xml version="1.0" encoding="UTF-8"?>
<TestRun id="bdfb882d-f7fa-4f93-a946-a88f77a41eba" name="Gaby@GABY-PC 2012-08-06 17:11:38" runUser="Gaby-PC\Gaby" xmlns="http://microsoft.com/schemas/VisualStudio/TeamTest/2010">
  <TestSettings name="Default Test Settings" id="aa06fdf9-0604-48d1-804e-01259b603a30">
    <Execution>
      <TestTypeSpecific />
      <AgentRule name="Execution Agents">
      </AgentRule>
    </Execution>
    <Deployment runDeploymentRoot="Gaby_GABY-PC 2012-08-06 17_11_38" />
  </TestSettings>
  <Times creation="2012-08-06T17:11:38.1530000-03:00" queuing="2012-08-06T17:11:39.5980000-03:00" start="2012-08-06T17:11:40.5860000-03:00" finish="2012-08-06T17:11:48.3640000-03:00" />
  <ResultSummary outcome="Completed">
    <Counters total="1" executed="1" passed="1" error="0" failed="0" timeout="0" aborted="0" inconclusive="0" passedButRunAborted="0" notRunnable="0" notExecuted="0" disconnected="0" warning="0" completed="0" inProgress="0" pending="0" />
  </ResultSummary>
  <TestDefinitions>
    <UnitTest name="ANewUserStoryShouldStartWithATemplate" storage="d:\gl\scrum\scrumboard\tests\specs\bin\debug\scrumboard.specs.dll" id="f392da82-59ca-fea6-4780-6cc0fd467d1b">
      <Description>A new user story should start with a template</Description>
      <Execution timeOut="1800000" id="eeb56c96-fbcf-46fd-a762-3eb0849ed1fa" />
      <Properties>
        <Property>
          <Key>FeatureTitle</Key>
          <Value>UserStory</Value>
        </Property>
      </Properties>
      <TestMethod codeBase="D:/GL/Scrum/ScrumBoard/Tests/Specs/bin/Debug/ScrumBoard.Specs.DLL" adapterTypeName="Microsoft.VisualStudio.TestTools.TestTypes.Unit.UnitTestAdapter, Microsoft.VisualStudio.QualityTools.Tips.UnitTest.Adapter, Version=10.0.0.0, Culture=neutral, PublicKeyToken=b03f5f7f11d50a3a" className="ScrumBoard.Specs.UserStoryFeature, ScrumBoard.Specs, Version=1.0.0.0, Culture=neutral, PublicKeyToken=null" name="ANewUserStoryShouldStartWithATemplate" />
    </UnitTest>
  </TestDefinitions>
  <TestLists>
    <TestList name="Results Not in a List" id="8c84fa94-04c1-424b-9868-57a2d4851a1d" />
    <TestList name="All Loaded Results" id="19431567-8539-422a-85d7-44ee4e166bda" />
  </TestLists>
  <TestEntries>
    <TestEntry testId="f392da82-59ca-fea6-4780-6cc0fd467d1b" executionId="eeb56c96-fbcf-46fd-a762-3eb0849ed1fa" testListId="8c84fa94-04c1-424b-9868-57a2d4851a1d" />
  </TestEntries>
  <Results>
    <UnitTestResult executionId="eeb56c96-fbcf-46fd-a762-3eb0849ed1fa" testId="f392da82-59ca-fea6-4780-6cc0fd467d1b" testName="ANewUserStoryShouldStartWithATemplate" computerName="GABY-PC" duration="00:00:06.8235231" startTime="2012-08-06T17:11:40.7200000-03:00" endTime="2012-08-06T17:11:48.2120000-03:00" testType="13cdc9d9-ddb5-4fa4-a97d-d965ccfc6d4b" outcome="Passed" testListId="8c84fa94-04c1-424b-9868-57a2d4851a1d" relativeResultsDirectory="eeb56c96-fbcf-46fd-a762-3eb0849ed1fa">
      <Output>
        <StdOut>When I create a new story
-&gt; done: UserStorySteps.WhenICreateANewStory() (0.0s)
Then the story should follow this template 'As a &lt;role&gt;, I want &lt;goal/desire&gt; so that &lt;benefit&gt;'
-&gt; done: UserStorySteps.ThenTheStoryShouldFollowThisTemplate("As a &lt;role&gt;, I wa...") (6.3s)</StdOut>
      </Output>
    </UnitTestResult>
  </Results>
</TestRun>