<?xml version="1.0" encoding="UTF-8"?>
<TestRun id="d31776bb-5511-4759-abba-08200f816b41" name="Gaby@GABY-PC 2012-08-06 15:24:13" runUser="Gaby-PC\Gaby" xmlns="http://microsoft.com/schemas/VisualStudio/TeamTest/2010">
  <TestSettings name="Local" id="314ea883-3442-48a7-a1fa-f8f9c03203bb">
    <Description>These are default test settings for a local test run.</Description>
    <Deployment enabled="false" runDeploymentRoot="Gaby_GABY-PC 2012-08-06 15_24_13">
      <DeploymentItem filename="D:\GL\Scrum\ScrumBoard\Domain\bin\Debug\ScrumBoard.Domain.dll" />
      <DeploymentItem filename="D:\GL\Scrum\ScrumBoard\packages\SpecFlow.1.9.0\lib\net35\TechTalk.SpecFlow.dll" />
      <DeploymentItem filename="D:\GL\Scrum\ScrumBoard\packages\FluentAssertions.1.7.1.1\Lib\net40\FluentAssertions.dll" />
    </Deployment>
    <Execution>
      <TestTypeSpecific />
      <AgentRule name="Execution Agents">
      </AgentRule>
    </Execution>
  </TestSettings>
  <Times creation="2012-08-06T15:24:13.4650000-03:00" queuing="2012-08-06T15:24:13.5530000-03:00" start="2012-08-06T15:24:13.5720000-03:00" finish="2012-08-06T15:24:14.1030000-03:00" />
  <ResultSummary outcome="Completed">
    <Counters total="3" executed="3" passed="3" error="0" failed="0" timeout="0" aborted="0" inconclusive="0" passedButRunAborted="0" notRunnable="0" notExecuted="0" disconnected="0" warning="0" completed="0" inProgress="0" pending="0" />
  </ResultSummary>
  <TestDefinitions>
    <UnitTest name="AProjectShouldHaveAName" storage="d:\gl\scrum\scrumboard\tests\specs\bin\debug\scrumboard.specs.dll" id="9bcca343-b7e7-300b-ae17-436385c1fe2d">
      <Description>A project should have a name</Description>
      <Execution id="bef0fc4a-3282-4980-824f-9bde091c9432" />
      <Properties>
        <Property>
          <Key>FeatureTitle</Key>
          <Value>Project</Value>
        </Property>
      </Properties>
      <TestMethod codeBase="D:/GL/Scrum/ScrumBoard/Tests/Specs/bin/Debug/ScrumBoard.Specs.DLL" adapterTypeName="Microsoft.VisualStudio.TestTools.TestTypes.Unit.UnitTestAdapter, Microsoft.VisualStudio.QualityTools.Tips.UnitTest.Adapter, Version=10.0.0.0, Culture=neutral, PublicKeyToken=b03f5f7f11d50a3a" className="ScrumBoard.Specs.ProjectFeature, ScrumBoard.Specs, Version=1.0.0.0, Culture=neutral, PublicKeyToken=null" name="AProjectShouldHaveAName" />
    </UnitTest>
    <UnitTest name="AddUserStory" storage="d:\gl\scrum\scrumboard\tests\specs\bin\debug\scrumboard.specs.dll" id="6dc10f22-9326-1114-4aac-09d13f12d7a3">
      <Description>Add User Story</Description>
      <Execution id="6b7f2f9b-01e4-4d5a-b505-26282c8d967b" />
      <Properties>
        <Property>
          <Key>FeatureTitle</Key>
          <Value>Product Backlog</Value>
        </Property>
      </Properties>
      <TestMethod codeBase="D:/GL/Scrum/ScrumBoard/Tests/Specs/bin/Debug/ScrumBoard.Specs.DLL" adapterTypeName="Microsoft.VisualStudio.TestTools.TestTypes.Unit.UnitTestAdapter, Microsoft.VisualStudio.QualityTools.Tips.UnitTest.Adapter, Version=10.0.0.0, Culture=neutral, PublicKeyToken=b03f5f7f11d50a3a" className="ScrumBoard.Specs.ProductBacklogFeature, ScrumBoard.Specs, Version=1.0.0.0, Culture=neutral, PublicKeyToken=null" name="AddUserStory" />
    </UnitTest>
    <UnitTest name="AProjectShouldHaveABacklog" storage="d:\gl\scrum\scrumboard\tests\specs\bin\debug\scrumboard.specs.dll" id="6ebe4eec-fbe9-caaf-0a7f-0a6912e407ef">
      <Description>A project should have a backlog</Description>
      <Execution id="4f9442b0-1652-4fcf-b745-fb8b7fa0e1f1" />
      <Properties>
        <Property>
          <Key>FeatureTitle</Key>
          <Value>Project</Value>
        </Property>
      </Properties>
      <TestMethod codeBase="D:/GL/Scrum/ScrumBoard/Tests/Specs/bin/Debug/ScrumBoard.Specs.DLL" adapterTypeName="Microsoft.VisualStudio.TestTools.TestTypes.Unit.UnitTestAdapter, Microsoft.VisualStudio.QualityTools.Tips.UnitTest.Adapter, Version=10.0.0.0, Culture=neutral, PublicKeyToken=b03f5f7f11d50a3a" className="ScrumBoard.Specs.ProjectFeature, ScrumBoard.Specs, Version=1.0.0.0, Culture=neutral, PublicKeyToken=null" name="AProjectShouldHaveABacklog" />
    </UnitTest>
  </TestDefinitions>
  <TestLists>
    <TestList name="Results Not in a List" id="8c84fa94-04c1-424b-9868-57a2d4851a1d" />
    <TestList name="All Loaded Results" id="19431567-8539-422a-85d7-44ee4e166bda" />
  </TestLists>
  <TestEntries>
    <TestEntry testId="6dc10f22-9326-1114-4aac-09d13f12d7a3" executionId="6b7f2f9b-01e4-4d5a-b505-26282c8d967b" testListId="8c84fa94-04c1-424b-9868-57a2d4851a1d" />
    <TestEntry testId="6ebe4eec-fbe9-caaf-0a7f-0a6912e407ef" executionId="4f9442b0-1652-4fcf-b745-fb8b7fa0e1f1" testListId="8c84fa94-04c1-424b-9868-57a2d4851a1d" />
    <TestEntry testId="9bcca343-b7e7-300b-ae17-436385c1fe2d" executionId="bef0fc4a-3282-4980-824f-9bde091c9432" testListId="8c84fa94-04c1-424b-9868-57a2d4851a1d" />
  </TestEntries>
  <Results>
    <UnitTestResult executionId="6b7f2f9b-01e4-4d5a-b505-26282c8d967b" testId="6dc10f22-9326-1114-4aac-09d13f12d7a3" testName="AddUserStory" computerName="GABY-PC" duration="00:00:00.0699454" startTime="2012-08-06T15:24:13.5960000-03:00" endTime="2012-08-06T15:24:14.0600000-03:00" testType="13cdc9d9-ddb5-4fa4-a97d-d965ccfc6d4b" outcome="Passed" testListId="8c84fa94-04c1-424b-9868-57a2d4851a1d" relativeResultsDirectory="6b7f2f9b-01e4-4d5a-b505-26282c8d967b">
      <Output>
        <StdOut>Given I have a Product Backlog
-&gt; done: ProductBacklogSteps.GivenIHaveAProductBacklog() (0.0s)
Then I should be able to add a User Story
-&gt; done: ProductBacklogSteps.ThenIShouldBeAbleToAddAUserStory() (0.0s)</StdOut>
      </Output>
    </UnitTestResult>
    <UnitTestResult executionId="4f9442b0-1652-4fcf-b745-fb8b7fa0e1f1" testId="6ebe4eec-fbe9-caaf-0a7f-0a6912e407ef" testName="AProjectShouldHaveABacklog" computerName="GABY-PC" duration="00:00:00.0061285" startTime="2012-08-06T15:24:14.0690000-03:00" endTime="2012-08-06T15:24:14.0820000-03:00" testType="13cdc9d9-ddb5-4fa4-a97d-d965ccfc6d4b" outcome="Passed" testListId="8c84fa94-04c1-424b-9868-57a2d4851a1d" relativeResultsDirectory="4f9442b0-1652-4fcf-b745-fb8b7fa0e1f1">
      <Output>
        <StdOut>Given I have a project
-&gt; done: ProjectSteps.GivenIHaveAProject() (0.0s)
Then I should be hable to assign a name to it
-&gt; done: ProjectSteps.ThenIShouldBeHableToAssignANameToIt() (0.0s)</StdOut>
      </Output>
    </UnitTestResult>
    <UnitTestResult executionId="bef0fc4a-3282-4980-824f-9bde091c9432" testId="9bcca343-b7e7-300b-ae17-436385c1fe2d" testName="AProjectShouldHaveAName" computerName="GABY-PC" duration="00:00:00.0003861" startTime="2012-08-06T15:24:14.0830000-03:00" endTime="2012-08-06T15:24:14.0880000-03:00" testType="13cdc9d9-ddb5-4fa4-a97d-d965ccfc6d4b" outcome="Passed" testListId="8c84fa94-04c1-424b-9868-57a2d4851a1d" relativeResultsDirectory="bef0fc4a-3282-4980-824f-9bde091c9432">
      <Output>
        <StdOut>Given I have a project
-&gt; done: ProjectSteps.GivenIHaveAProject() (0.0s)
Then I should be hable to assign a name to it
-&gt; done: ProjectSteps.ThenIShouldBeHableToAssignANameToIt() (0.0s)</StdOut>
      </Output>
    </UnitTestResult>
  </Results>
</TestRun>