<?xml version="1.0" encoding="UTF-8"?>
<TestRun id="458a3064-0071-45ff-bcd1-e77cc85749ec" name="Gaby@GABY-PC 2012-08-06 17:06:24" runUser="Gaby-PC\Gaby" xmlns="http://microsoft.com/schemas/VisualStudio/TeamTest/2010">
  <TestSettings name="Local" id="314ea883-3442-48a7-a1fa-f8f9c03203bb">
    <Description>These are default test settings for a local test run.</Description>
    <Deployment enabled="false" runDeploymentRoot="Gaby_GABY-PC 2012-08-06 17_06_24">
      <DeploymentItem filename="D:\GL\Scrum\ScrumBoard\Domain\bin\Debug\ScrumBoard.Domain.dll" />
      <DeploymentItem filename="D:\GL\Scrum\ScrumBoard\packages\SpecFlow.1.9.0\lib\net35\TechTalk.SpecFlow.dll" />
      <DeploymentItem filename="D:\GL\Scrum\ScrumBoard\packages\FluentAssertions.1.7.1.1\Lib\net40\FluentAssertions.dll" />
    </Deployment>
    <Execution>
      <TestTypeSpecific />
      <AgentRule name="Execution Agents">
      </AgentRule>
    </Execution>
  </TestSettings>
  <Times creation="2012-08-06T17:06:24.4810000-03:00" queuing="2012-08-06T17:06:24.6130000-03:00" start="2012-08-06T17:06:24.7150000-03:00" finish="2012-08-06T17:06:25.9090000-03:00" />
  <ResultSummary outcome="Failed">
    <Counters total="7" executed="7" passed="6" error="0" failed="1" timeout="0" aborted="0" inconclusive="0" passedButRunAborted="0" notRunnable="0" notExecuted="0" disconnected="0" warning="0" completed="0" inProgress="0" pending="0" />
  </ResultSummary>
  <TestDefinitions>
    <UnitTest name="IShouldBeHableToUniquelyIdentifyAUserStory" storage="d:\gl\scrum\scrumboard\tests\specs\bin\debug\scrumboard.specs.dll" id="a85e59b0-fb9e-dbc6-5ccf-2d106774cd5a">
      <Description>I should be hable to uniquely identify a user story</Description>
      <Execution id="34bfabdb-e758-4e1e-8f95-00eef4234557" />
      <Properties>
        <Property>
          <Key>FeatureTitle</Key>
          <Value>UserStory</Value>
        </Property>
      </Properties>
      <TestMethod codeBase="D:/GL/Scrum/ScrumBoard/Tests/Specs/bin/Debug/ScrumBoard.Specs.DLL" adapterTypeName="Microsoft.VisualStudio.TestTools.TestTypes.Unit.UnitTestAdapter, Microsoft.VisualStudio.QualityTools.Tips.UnitTest.Adapter, Version=10.0.0.0, Culture=neutral, PublicKeyToken=b03f5f7f11d50a3a" className="ScrumBoard.Specs.UserStoryFeature, ScrumBoard.Specs, Version=1.0.0.0, Culture=neutral, PublicKeyToken=null" name="IShouldBeHableToUniquelyIdentifyAUserStory" />
    </UnitTest>
    <UnitTest name="AProjectShouldHaveABacklog" storage="d:\gl\scrum\scrumboard\tests\specs\bin\debug\scrumboard.specs.dll" id="6ebe4eec-fbe9-caaf-0a7f-0a6912e407ef">
      <Description>A project should have a backlog</Description>
      <Execution id="2b2550bf-4f9e-48d5-9537-ae87fc28264a" />
      <Properties>
        <Property>
          <Key>FeatureTitle</Key>
          <Value>Project</Value>
        </Property>
      </Properties>
      <TestMethod codeBase="D:/GL/Scrum/ScrumBoard/Tests/Specs/bin/Debug/ScrumBoard.Specs.DLL" adapterTypeName="Microsoft.VisualStudio.TestTools.TestTypes.Unit.UnitTestAdapter, Microsoft.VisualStudio.QualityTools.Tips.UnitTest.Adapter, Version=10.0.0.0, Culture=neutral, PublicKeyToken=b03f5f7f11d50a3a" className="ScrumBoard.Specs.ProjectFeature, ScrumBoard.Specs, Version=1.0.0.0, Culture=neutral, PublicKeyToken=null" name="AProjectShouldHaveABacklog" />
    </UnitTest>
    <UnitTest name="AUserStoryShouldHaveAText" storage="d:\gl\scrum\scrumboard\tests\specs\bin\debug\scrumboard.specs.dll" id="4b3eaaf6-8324-41ab-054e-38d11d06c9d8">
      <Description>A user story should have a text</Description>
      <Execution id="666a30d2-2cc5-4be7-aaa1-a33567fab457" />
      <Properties>
        <Property>
          <Key>FeatureTitle</Key>
          <Value>UserStory</Value>
        </Property>
      </Properties>
      <TestMethod codeBase="D:/GL/Scrum/ScrumBoard/Tests/Specs/bin/Debug/ScrumBoard.Specs.DLL" adapterTypeName="Microsoft.VisualStudio.TestTools.TestTypes.Unit.UnitTestAdapter, Microsoft.VisualStudio.QualityTools.Tips.UnitTest.Adapter, Version=10.0.0.0, Culture=neutral, PublicKeyToken=b03f5f7f11d50a3a" className="ScrumBoard.Specs.UserStoryFeature, ScrumBoard.Specs, Version=1.0.0.0, Culture=neutral, PublicKeyToken=null" name="AUserStoryShouldHaveAText" />
    </UnitTest>
    <UnitTest name="AProjectShouldHaveAName" storage="d:\gl\scrum\scrumboard\tests\specs\bin\debug\scrumboard.specs.dll" id="9bcca343-b7e7-300b-ae17-436385c1fe2d">
      <Description>A project should have a name</Description>
      <Execution id="6370a039-d5dc-41de-971a-8c00911315c4" />
      <Properties>
        <Property>
          <Key>FeatureTitle</Key>
          <Value>Project</Value>
        </Property>
      </Properties>
      <TestMethod codeBase="D:/GL/Scrum/ScrumBoard/Tests/Specs/bin/Debug/ScrumBoard.Specs.DLL" adapterTypeName="Microsoft.VisualStudio.TestTools.TestTypes.Unit.UnitTestAdapter, Microsoft.VisualStudio.QualityTools.Tips.UnitTest.Adapter, Version=10.0.0.0, Culture=neutral, PublicKeyToken=b03f5f7f11d50a3a" className="ScrumBoard.Specs.ProjectFeature, ScrumBoard.Specs, Version=1.0.0.0, Culture=neutral, PublicKeyToken=null" name="AProjectShouldHaveAName" />
    </UnitTest>
    <UnitTest name="ANewUserStoryShouldStartWithATemplate" storage="d:\gl\scrum\scrumboard\tests\specs\bin\debug\scrumboard.specs.dll" id="f392da82-59ca-fea6-4780-6cc0fd467d1b">
      <Description>A new user story should start with a template</Description>
      <Execution id="9aa4b48c-b9c5-43fc-8f1e-053cdece0ae0" />
      <Properties>
        <Property>
          <Key>FeatureTitle</Key>
          <Value>UserStory</Value>
        </Property>
      </Properties>
      <TestMethod codeBase="D:/GL/Scrum/ScrumBoard/Tests/Specs/bin/Debug/ScrumBoard.Specs.DLL" adapterTypeName="Microsoft.VisualStudio.TestTools.TestTypes.Unit.UnitTestAdapter, Microsoft.VisualStudio.QualityTools.Tips.UnitTest.Adapter, Version=10.0.0.0, Culture=neutral, PublicKeyToken=b03f5f7f11d50a3a" className="ScrumBoard.Specs.UserStoryFeature, ScrumBoard.Specs, Version=1.0.0.0, Culture=neutral, PublicKeyToken=null" name="ANewUserStoryShouldStartWithATemplate" />
    </UnitTest>
    <UnitTest name="IShouldBeHableToUniquelyIdentifyAProject" storage="d:\gl\scrum\scrumboard\tests\specs\bin\debug\scrumboard.specs.dll" id="263d0a80-81bd-30ec-e60b-4219a627a337">
      <Description>I should be hable to uniquely identify a project</Description>
      <Execution id="b010f49f-ecea-414f-a525-be3f3c8766c2" />
      <Properties>
        <Property>
          <Key>FeatureTitle</Key>
          <Value>Project</Value>
        </Property>
      </Properties>
      <TestMethod codeBase="D:/GL/Scrum/ScrumBoard/Tests/Specs/bin/Debug/ScrumBoard.Specs.DLL" adapterTypeName="Microsoft.VisualStudio.TestTools.TestTypes.Unit.UnitTestAdapter, Microsoft.VisualStudio.QualityTools.Tips.UnitTest.Adapter, Version=10.0.0.0, Culture=neutral, PublicKeyToken=b03f5f7f11d50a3a" className="ScrumBoard.Specs.ProjectFeature, ScrumBoard.Specs, Version=1.0.0.0, Culture=neutral, PublicKeyToken=null" name="IShouldBeHableToUniquelyIdentifyAProject" />
    </UnitTest>
    <UnitTest name="AddUserStory" storage="d:\gl\scrum\scrumboard\tests\specs\bin\debug\scrumboard.specs.dll" id="6dc10f22-9326-1114-4aac-09d13f12d7a3">
      <Description>Add User Story</Description>
      <Execution id="f9b4a2d4-d0e9-4ee5-9887-99c405387909" />
      <Properties>
        <Property>
          <Key>FeatureTitle</Key>
          <Value>Product Backlog</Value>
        </Property>
      </Properties>
      <TestMethod codeBase="D:/GL/Scrum/ScrumBoard/Tests/Specs/bin/Debug/ScrumBoard.Specs.DLL" adapterTypeName="Microsoft.VisualStudio.TestTools.TestTypes.Unit.UnitTestAdapter, Microsoft.VisualStudio.QualityTools.Tips.UnitTest.Adapter, Version=10.0.0.0, Culture=neutral, PublicKeyToken=b03f5f7f11d50a3a" className="ScrumBoard.Specs.ProductBacklogFeature, ScrumBoard.Specs, Version=1.0.0.0, Culture=neutral, PublicKeyToken=null" name="AddUserStory" />
    </UnitTest>
  </TestDefinitions>
  <TestLists>
    <TestList name="Results Not in a List" id="8c84fa94-04c1-424b-9868-57a2d4851a1d" />
    <TestList name="All Loaded Results" id="19431567-8539-422a-85d7-44ee4e166bda" />
  </TestLists>
  <TestEntries>
    <TestEntry testId="263d0a80-81bd-30ec-e60b-4219a627a337" executionId="b010f49f-ecea-414f-a525-be3f3c8766c2" testListId="8c84fa94-04c1-424b-9868-57a2d4851a1d" />
    <TestEntry testId="4b3eaaf6-8324-41ab-054e-38d11d06c9d8" executionId="666a30d2-2cc5-4be7-aaa1-a33567fab457" testListId="8c84fa94-04c1-424b-9868-57a2d4851a1d" />
    <TestEntry testId="6dc10f22-9326-1114-4aac-09d13f12d7a3" executionId="f9b4a2d4-d0e9-4ee5-9887-99c405387909" testListId="8c84fa94-04c1-424b-9868-57a2d4851a1d" />
    <TestEntry testId="6ebe4eec-fbe9-caaf-0a7f-0a6912e407ef" executionId="2b2550bf-4f9e-48d5-9537-ae87fc28264a" testListId="8c84fa94-04c1-424b-9868-57a2d4851a1d" />
    <TestEntry testId="9bcca343-b7e7-300b-ae17-436385c1fe2d" executionId="6370a039-d5dc-41de-971a-8c00911315c4" testListId="8c84fa94-04c1-424b-9868-57a2d4851a1d" />
    <TestEntry testId="a85e59b0-fb9e-dbc6-5ccf-2d106774cd5a" executionId="34bfabdb-e758-4e1e-8f95-00eef4234557" testListId="8c84fa94-04c1-424b-9868-57a2d4851a1d" />
    <TestEntry testId="f392da82-59ca-fea6-4780-6cc0fd467d1b" executionId="9aa4b48c-b9c5-43fc-8f1e-053cdece0ae0" testListId="8c84fa94-04c1-424b-9868-57a2d4851a1d" />
  </TestEntries>
  <Results>
    <UnitTestResult executionId="b010f49f-ecea-414f-a525-be3f3c8766c2" testId="263d0a80-81bd-30ec-e60b-4219a627a337" testName="IShouldBeHableToUniquelyIdentifyAProject" computerName="GABY-PC" duration="00:00:00.0975544" startTime="2012-08-06T17:06:24.7180000-03:00" endTime="2012-08-06T17:06:25.6700000-03:00" testType="13cdc9d9-ddb5-4fa4-a97d-d965ccfc6d4b" outcome="Passed" testListId="8c84fa94-04c1-424b-9868-57a2d4851a1d" relativeResultsDirectory="b010f49f-ecea-414f-a525-be3f3c8766c2">
      <Output>
        <StdOut>Given I have a project
-&gt; done: ProjectSteps.GivenIHaveAProject() (0.0s)
Then It should have a unique key
-&gt; done: GenericSteps.ThenIShouldBeHableToUniquelyIdentifyIt() (0.0s)</StdOut>
      </Output>
    </UnitTestResult>
    <UnitTestResult executionId="666a30d2-2cc5-4be7-aaa1-a33567fab457" testId="4b3eaaf6-8324-41ab-054e-38d11d06c9d8" testName="AUserStoryShouldHaveAText" computerName="GABY-PC" duration="00:00:00.0058665" startTime="2012-08-06T17:06:25.6740000-03:00" endTime="2012-08-06T17:06:25.6860000-03:00" testType="13cdc9d9-ddb5-4fa4-a97d-d965ccfc6d4b" outcome="Passed" testListId="8c84fa94-04c1-424b-9868-57a2d4851a1d" relativeResultsDirectory="666a30d2-2cc5-4be7-aaa1-a33567fab457">
      <Output>
        <StdOut>Given I have a story
-&gt; done: UserStorySteps.GivenIHaveAStory() (0.0s)
Then I should be hable to define its text
-&gt; done: UserStorySteps.ThenIShouldBeHableToDefineItsText() (0.0s)</StdOut>
      </Output>
    </UnitTestResult>
    <UnitTestResult executionId="f9b4a2d4-d0e9-4ee5-9887-99c405387909" testId="6dc10f22-9326-1114-4aac-09d13f12d7a3" testName="AddUserStory" computerName="GABY-PC" duration="00:00:00.0044171" startTime="2012-08-06T17:06:25.6880000-03:00" endTime="2012-08-06T17:06:25.6980000-03:00" testType="13cdc9d9-ddb5-4fa4-a97d-d965ccfc6d4b" outcome="Passed" testListId="8c84fa94-04c1-424b-9868-57a2d4851a1d" relativeResultsDirectory="f9b4a2d4-d0e9-4ee5-9887-99c405387909">
      <Output>
        <StdOut>Given I have a Product Backlog
-&gt; done: ProductBacklogSteps.GivenIHaveAProductBacklog() (0.0s)
Then I should be able to add a User Story
-&gt; done: ProductBacklogSteps.ThenIShouldBeAbleToAddAUserStory() (0.0s)</StdOut>
      </Output>
    </UnitTestResult>
    <UnitTestResult executionId="2b2550bf-4f9e-48d5-9537-ae87fc28264a" testId="6ebe4eec-fbe9-caaf-0a7f-0a6912e407ef" testName="AProjectShouldHaveABacklog" computerName="GABY-PC" duration="00:00:00.0016119" startTime="2012-08-06T17:06:25.6990000-03:00" endTime="2012-08-06T17:06:25.7040000-03:00" testType="13cdc9d9-ddb5-4fa4-a97d-d965ccfc6d4b" outcome="Passed" testListId="8c84fa94-04c1-424b-9868-57a2d4851a1d" relativeResultsDirectory="2b2550bf-4f9e-48d5-9537-ae87fc28264a">
      <Output>
        <StdOut>Given I have a project
-&gt; done: ProjectSteps.GivenIHaveAProject() (0.0s)
Then It should have a backlog
-&gt; done: ProjectSteps.ThenItShouldHaveABacklog() (0.0s)</StdOut>
      </Output>
    </UnitTestResult>
    <UnitTestResult executionId="6370a039-d5dc-41de-971a-8c00911315c4" testId="9bcca343-b7e7-300b-ae17-436385c1fe2d" testName="AProjectShouldHaveAName" computerName="GABY-PC" duration="00:00:00.0016106" startTime="2012-08-06T17:06:25.7050000-03:00" endTime="2012-08-06T17:06:25.7100000-03:00" testType="13cdc9d9-ddb5-4fa4-a97d-d965ccfc6d4b" outcome="Passed" testListId="8c84fa94-04c1-424b-9868-57a2d4851a1d" relativeResultsDirectory="6370a039-d5dc-41de-971a-8c00911315c4">
      <Output>
        <StdOut>Given I have a project
-&gt; done: ProjectSteps.GivenIHaveAProject() (0.0s)
Then I should be hable to assign a name to it
-&gt; done: ProjectSteps.ThenIShouldBeHableToAssignANameToIt() (0.0s)</StdOut>
      </Output>
    </UnitTestResult>
    <UnitTestResult executionId="34bfabdb-e758-4e1e-8f95-00eef4234557" testId="a85e59b0-fb9e-dbc6-5ccf-2d106774cd5a" testName="IShouldBeHableToUniquelyIdentifyAUserStory" computerName="GABY-PC" duration="00:00:00.0299859" startTime="2012-08-06T17:06:25.7280000-03:00" endTime="2012-08-06T17:06:25.7620000-03:00" testType="13cdc9d9-ddb5-4fa4-a97d-d965ccfc6d4b" outcome="Failed" testListId="8c84fa94-04c1-424b-9868-57a2d4851a1d" relativeResultsDirectory="34bfabdb-e758-4e1e-8f95-00eef4234557">
      <Output>
        <StdOut>Given I have a story
-&gt; done: UserStorySteps.GivenIHaveAStory() (0.0s)
Then It should have a unique key
-&gt; error: Expected True because 'Id' property should be virtual, but found False.</StdOut>
        <ErrorInfo>
          <Message>Expected True because 'Id' property should be virtual, but found False.</Message>
          <StackTrace>   at FluentAssertions.Frameworks.LateBoundTestFramework.Throw(String message) in c:\Workspaces\FluentAssertions\Releases\1.7.0\FluentAssertions.Net35\Frameworks\LateBoundTestFramework.cs:line 21
   at FluentAssertions.Verification.FailWith(String failureMessage, Object[] failureArgs) in c:\Workspaces\FluentAssertions\Releases\1.7.0\FluentAssertions.Net35\Verification.cs:line 158
   at FluentAssertions.Assertions.BooleanAssertions.BeTrue(String reason, Object[] reasonArgs) in c:\Workspaces\FluentAssertions\Releases\1.7.0\FluentAssertions.Net35\Assertions\BooleanAssertions.cs:line 70
   at ScrumBoard.Specs.Steps.GenericSteps.PropertyShouldBeVirtual(PropertyInfo property) in D:\GL\Scrum\ScrumBoard\Tests\Specs\Steps\GenericSteps.cs:line 42
   at ScrumBoard.Specs.Steps.GenericSteps.ThenIShouldBeHableToUniquelyIdentifyIt() in D:\GL\Scrum\ScrumBoard\Tests\Specs\Steps\GenericSteps.cs:line 26
   at lambda_method(Closure , IContextManager )
   at TechTalk.SpecFlow.Bindings.BindingInvoker.InvokeBinding(IBinding binding, IContextManager contextManager, Object[] arguments, ITestTracer testTracer, TimeSpan&amp; duration)
   at TechTalk.SpecFlow.Infrastructure.TestExecutionEngine.ExecuteStepMatch(BindingMatch match, Object[] arguments)
   at TechTalk.SpecFlow.Infrastructure.TestExecutionEngine.ExecuteStep(StepInstance stepInstance)
   at TechTalk.SpecFlow.Infrastructure.TestExecutionEngine.OnAfterLastStep()
   at TechTalk.SpecFlow.TestRunner.CollectScenarioErrors()
   at ScrumBoard.Specs.UserStoryFeature.ScenarioCleanup() in D:\GL\Scrum\ScrumBoard\Tests\Specs\UserStory.feature.cs:line 0
   at ScrumBoard.Specs.UserStoryFeature.IShouldBeHableToUniquelyIdentifyAUserStory() in d:\GL\Scrum\ScrumBoard\Tests\Specs\UserStory.feature:line 8
</StackTrace>
        </ErrorInfo>
      </Output>
    </UnitTestResult>
    <UnitTestResult executionId="9aa4b48c-b9c5-43fc-8f1e-053cdece0ae0" testId="f392da82-59ca-fea6-4780-6cc0fd467d1b" testName="ANewUserStoryShouldStartWithATemplate" computerName="GABY-PC" duration="00:00:00.0104919" startTime="2012-08-06T17:06:25.7750000-03:00" endTime="2012-08-06T17:06:25.8190000-03:00" testType="13cdc9d9-ddb5-4fa4-a97d-d965ccfc6d4b" outcome="Passed" testListId="8c84fa94-04c1-424b-9868-57a2d4851a1d" relativeResultsDirectory="9aa4b48c-b9c5-43fc-8f1e-053cdece0ae0">
      <Output>
        <StdOut>When I create a new story
-&gt; done: UserStorySteps.WhenICreateANewStory() (0.0s)
Then the story should follow this template 'As a &lt;role&gt;, I want &lt;goal/desire&gt; so that &lt;benefit&gt;'
-&gt; done: UserStorySteps.ThenTheStoryShouldFollowThisTemplate("As a &lt;role&gt;, I wa...") (0.0s)</StdOut>
      </Output>
    </UnitTestResult>
  </Results>
</TestRun>