<?xml version="1.0" encoding="UTF-8"?>
<TestRun id="e1f00c57-038b-4e93-b6a3-6a4d65b4991f" name="Gaby@GABY-PC 2012-08-06 17:06:07" runUser="Gaby-PC\Gaby" xmlns="http://microsoft.com/schemas/VisualStudio/TeamTest/2010">
  <TestSettings name="Local" id="314ea883-3442-48a7-a1fa-f8f9c03203bb">
    <Description>These are default test settings for a local test run.</Description>
    <Deployment enabled="false" runDeploymentRoot="Gaby_GABY-PC 2012-08-06 17_06_07">
      <DeploymentItem filename="D:\GL\Scrum\ScrumBoard\Domain\bin\Debug\ScrumBoard.Domain.dll" />
      <DeploymentItem filename="D:\GL\Scrum\ScrumBoard\packages\SpecFlow.1.9.0\lib\net35\TechTalk.SpecFlow.dll" />
      <DeploymentItem filename="D:\GL\Scrum\ScrumBoard\packages\FluentAssertions.1.7.1.1\Lib\net40\FluentAssertions.dll" />
    </Deployment>
    <Execution>
      <TestTypeSpecific />
      <AgentRule name="Execution Agents">
      </AgentRule>
    </Execution>
  </TestSettings>
  <Times creation="2012-08-06T17:06:07.3360000-03:00" queuing="2012-08-06T17:06:07.5690000-03:00" start="2012-08-06T17:06:07.6080000-03:00" finish="2012-08-06T17:06:08.5770000-03:00" />
  <ResultSummary outcome="Completed">
    <Counters total="7" executed="7" passed="7" error="0" failed="0" timeout="0" aborted="0" inconclusive="0" passedButRunAborted="0" notRunnable="0" notExecuted="0" disconnected="0" warning="0" completed="0" inProgress="0" pending="0" />
  </ResultSummary>
  <TestDefinitions>
    <UnitTest name="IShouldBeHableToUniquelyIdentifyAUserStory" storage="d:\gl\scrum\scrumboard\tests\specs\bin\debug\scrumboard.specs.dll" id="a85e59b0-fb9e-dbc6-5ccf-2d106774cd5a">
      <Description>I should be hable to uniquely identify a user story</Description>
      <Execution id="9be6c59e-ff4f-4ddc-bc37-fb8f00611ef4" />
      <Properties>
        <Property>
          <Key>FeatureTitle</Key>
          <Value>UserStory</Value>
        </Property>
      </Properties>
      <TestMethod codeBase="D:/GL/Scrum/ScrumBoard/Tests/Specs/bin/Debug/ScrumBoard.Specs.DLL" adapterTypeName="Microsoft.VisualStudio.TestTools.TestTypes.Unit.UnitTestAdapter, Microsoft.VisualStudio.QualityTools.Tips.UnitTest.Adapter, Version=10.0.0.0, Culture=neutral, PublicKeyToken=b03f5f7f11d50a3a" className="ScrumBoard.Specs.UserStoryFeature, ScrumBoard.Specs, Version=1.0.0.0, Culture=neutral, PublicKeyToken=null" name="IShouldBeHableToUniquelyIdentifyAUserStory" />
    </UnitTest>
    <UnitTest name="AProjectShouldHaveABacklog" storage="d:\gl\scrum\scrumboard\tests\specs\bin\debug\scrumboard.specs.dll" id="6ebe4eec-fbe9-caaf-0a7f-0a6912e407ef">
      <Description>A project should have a backlog</Description>
      <Execution id="e8434d61-7c97-458e-bc4d-33f34ccd3a3a" />
      <Properties>
        <Property>
          <Key>FeatureTitle</Key>
          <Value>Project</Value>
        </Property>
      </Properties>
      <TestMethod codeBase="D:/GL/Scrum/ScrumBoard/Tests/Specs/bin/Debug/ScrumBoard.Specs.DLL" adapterTypeName="Microsoft.VisualStudio.TestTools.TestTypes.Unit.UnitTestAdapter, Microsoft.VisualStudio.QualityTools.Tips.UnitTest.Adapter, Version=10.0.0.0, Culture=neutral, PublicKeyToken=b03f5f7f11d50a3a" className="ScrumBoard.Specs.ProjectFeature, ScrumBoard.Specs, Version=1.0.0.0, Culture=neutral, PublicKeyToken=null" name="AProjectShouldHaveABacklog" />
    </UnitTest>
    <UnitTest name="AUserStoryShouldHaveAText" storage="d:\gl\scrum\scrumboard\tests\specs\bin\debug\scrumboard.specs.dll" id="4b3eaaf6-8324-41ab-054e-38d11d06c9d8">
      <Description>A user story should have a text</Description>
      <Execution id="6afc3902-590b-45da-99c2-5c4cc814219b" />
      <Properties>
        <Property>
          <Key>FeatureTitle</Key>
          <Value>UserStory</Value>
        </Property>
      </Properties>
      <TestMethod codeBase="D:/GL/Scrum/ScrumBoard/Tests/Specs/bin/Debug/ScrumBoard.Specs.DLL" adapterTypeName="Microsoft.VisualStudio.TestTools.TestTypes.Unit.UnitTestAdapter, Microsoft.VisualStudio.QualityTools.Tips.UnitTest.Adapter, Version=10.0.0.0, Culture=neutral, PublicKeyToken=b03f5f7f11d50a3a" className="ScrumBoard.Specs.UserStoryFeature, ScrumBoard.Specs, Version=1.0.0.0, Culture=neutral, PublicKeyToken=null" name="AUserStoryShouldHaveAText" />
    </UnitTest>
    <UnitTest name="AProjectShouldHaveAName" storage="d:\gl\scrum\scrumboard\tests\specs\bin\debug\scrumboard.specs.dll" id="9bcca343-b7e7-300b-ae17-436385c1fe2d">
      <Description>A project should have a name</Description>
      <Execution id="45b35364-f4ed-4016-af92-3dd3bfd367a6" />
      <Properties>
        <Property>
          <Key>FeatureTitle</Key>
          <Value>Project</Value>
        </Property>
      </Properties>
      <TestMethod codeBase="D:/GL/Scrum/ScrumBoard/Tests/Specs/bin/Debug/ScrumBoard.Specs.DLL" adapterTypeName="Microsoft.VisualStudio.TestTools.TestTypes.Unit.UnitTestAdapter, Microsoft.VisualStudio.QualityTools.Tips.UnitTest.Adapter, Version=10.0.0.0, Culture=neutral, PublicKeyToken=b03f5f7f11d50a3a" className="ScrumBoard.Specs.ProjectFeature, ScrumBoard.Specs, Version=1.0.0.0, Culture=neutral, PublicKeyToken=null" name="AProjectShouldHaveAName" />
    </UnitTest>
    <UnitTest name="ANewUserStoryShouldStartWithATemplate" storage="d:\gl\scrum\scrumboard\tests\specs\bin\debug\scrumboard.specs.dll" id="f392da82-59ca-fea6-4780-6cc0fd467d1b">
      <Description>A new user story should start with a template</Description>
      <Execution id="ff14a9fc-0075-4bd4-b127-298852f6b1c9" />
      <Properties>
        <Property>
          <Key>FeatureTitle</Key>
          <Value>UserStory</Value>
        </Property>
      </Properties>
      <TestMethod codeBase="D:/GL/Scrum/ScrumBoard/Tests/Specs/bin/Debug/ScrumBoard.Specs.DLL" adapterTypeName="Microsoft.VisualStudio.TestTools.TestTypes.Unit.UnitTestAdapter, Microsoft.VisualStudio.QualityTools.Tips.UnitTest.Adapter, Version=10.0.0.0, Culture=neutral, PublicKeyToken=b03f5f7f11d50a3a" className="ScrumBoard.Specs.UserStoryFeature, ScrumBoard.Specs, Version=1.0.0.0, Culture=neutral, PublicKeyToken=null" name="ANewUserStoryShouldStartWithATemplate" />
    </UnitTest>
    <UnitTest name="IShouldBeHableToUniquelyIdentifyAProject" storage="d:\gl\scrum\scrumboard\tests\specs\bin\debug\scrumboard.specs.dll" id="263d0a80-81bd-30ec-e60b-4219a627a337">
      <Description>I should be hable to uniquely identify a project</Description>
      <Execution id="a8f7c8d1-d70d-4468-a5d0-a9671167c61a" />
      <Properties>
        <Property>
          <Key>FeatureTitle</Key>
          <Value>Project</Value>
        </Property>
      </Properties>
      <TestMethod codeBase="D:/GL/Scrum/ScrumBoard/Tests/Specs/bin/Debug/ScrumBoard.Specs.DLL" adapterTypeName="Microsoft.VisualStudio.TestTools.TestTypes.Unit.UnitTestAdapter, Microsoft.VisualStudio.QualityTools.Tips.UnitTest.Adapter, Version=10.0.0.0, Culture=neutral, PublicKeyToken=b03f5f7f11d50a3a" className="ScrumBoard.Specs.ProjectFeature, ScrumBoard.Specs, Version=1.0.0.0, Culture=neutral, PublicKeyToken=null" name="IShouldBeHableToUniquelyIdentifyAProject" />
    </UnitTest>
    <UnitTest name="AddUserStory" storage="d:\gl\scrum\scrumboard\tests\specs\bin\debug\scrumboard.specs.dll" id="6dc10f22-9326-1114-4aac-09d13f12d7a3">
      <Description>Add User Story</Description>
      <Execution id="52167cce-5706-4c28-b370-174b7efdc190" />
      <Properties>
        <Property>
          <Key>FeatureTitle</Key>
          <Value>Product Backlog</Value>
        </Property>
      </Properties>
      <TestMethod codeBase="D:/GL/Scrum/ScrumBoard/Tests/Specs/bin/Debug/ScrumBoard.Specs.DLL" adapterTypeName="Microsoft.VisualStudio.TestTools.TestTypes.Unit.UnitTestAdapter, Microsoft.VisualStudio.QualityTools.Tips.UnitTest.Adapter, Version=10.0.0.0, Culture=neutral, PublicKeyToken=b03f5f7f11d50a3a" className="ScrumBoard.Specs.ProductBacklogFeature, ScrumBoard.Specs, Version=1.0.0.0, Culture=neutral, PublicKeyToken=null" name="AddUserStory" />
    </UnitTest>
  </TestDefinitions>
  <TestLists>
    <TestList name="Results Not in a List" id="8c84fa94-04c1-424b-9868-57a2d4851a1d" />
    <TestList name="All Loaded Results" id="19431567-8539-422a-85d7-44ee4e166bda" />
  </TestLists>
  <TestEntries>
    <TestEntry testId="263d0a80-81bd-30ec-e60b-4219a627a337" executionId="a8f7c8d1-d70d-4468-a5d0-a9671167c61a" testListId="8c84fa94-04c1-424b-9868-57a2d4851a1d" />
    <TestEntry testId="4b3eaaf6-8324-41ab-054e-38d11d06c9d8" executionId="6afc3902-590b-45da-99c2-5c4cc814219b" testListId="8c84fa94-04c1-424b-9868-57a2d4851a1d" />
    <TestEntry testId="6dc10f22-9326-1114-4aac-09d13f12d7a3" executionId="52167cce-5706-4c28-b370-174b7efdc190" testListId="8c84fa94-04c1-424b-9868-57a2d4851a1d" />
    <TestEntry testId="6ebe4eec-fbe9-caaf-0a7f-0a6912e407ef" executionId="e8434d61-7c97-458e-bc4d-33f34ccd3a3a" testListId="8c84fa94-04c1-424b-9868-57a2d4851a1d" />
    <TestEntry testId="9bcca343-b7e7-300b-ae17-436385c1fe2d" executionId="45b35364-f4ed-4016-af92-3dd3bfd367a6" testListId="8c84fa94-04c1-424b-9868-57a2d4851a1d" />
    <TestEntry testId="a85e59b0-fb9e-dbc6-5ccf-2d106774cd5a" executionId="9be6c59e-ff4f-4ddc-bc37-fb8f00611ef4" testListId="8c84fa94-04c1-424b-9868-57a2d4851a1d" />
    <TestEntry testId="f392da82-59ca-fea6-4780-6cc0fd467d1b" executionId="ff14a9fc-0075-4bd4-b127-298852f6b1c9" testListId="8c84fa94-04c1-424b-9868-57a2d4851a1d" />
  </TestEntries>
  <Results>
    <UnitTestResult executionId="a8f7c8d1-d70d-4468-a5d0-a9671167c61a" testId="263d0a80-81bd-30ec-e60b-4219a627a337" testName="IShouldBeHableToUniquelyIdentifyAProject" computerName="GABY-PC" duration="00:00:00.1140955" startTime="2012-08-06T17:06:07.8910000-03:00" endTime="2012-08-06T17:06:08.4950000-03:00" testType="13cdc9d9-ddb5-4fa4-a97d-d965ccfc6d4b" outcome="Passed" testListId="8c84fa94-04c1-424b-9868-57a2d4851a1d" relativeResultsDirectory="a8f7c8d1-d70d-4468-a5d0-a9671167c61a">
      <Output>
        <StdOut>Given I have a project
-&gt; done: ProjectSteps.GivenIHaveAProject() (0.0s)
Then It should have a unique key
-&gt; done: GenericSteps.ThenIShouldBeHableToUniquelyIdentifyIt() (0.0s)</StdOut>
      </Output>
    </UnitTestResult>
    <UnitTestResult executionId="6afc3902-590b-45da-99c2-5c4cc814219b" testId="4b3eaaf6-8324-41ab-054e-38d11d06c9d8" testName="AUserStoryShouldHaveAText" computerName="GABY-PC" duration="00:00:00.0067049" startTime="2012-08-06T17:06:08.4990000-03:00" endTime="2012-08-06T17:06:08.5120000-03:00" testType="13cdc9d9-ddb5-4fa4-a97d-d965ccfc6d4b" outcome="Passed" testListId="8c84fa94-04c1-424b-9868-57a2d4851a1d" relativeResultsDirectory="6afc3902-590b-45da-99c2-5c4cc814219b">
      <Output>
        <StdOut>Given I have a story
-&gt; done: UserStorySteps.GivenIHaveAStory() (0.0s)
Then I should be hable to define its text
-&gt; done: UserStorySteps.ThenIShouldBeHableToDefineItsText() (0.0s)</StdOut>
      </Output>
    </UnitTestResult>
    <UnitTestResult executionId="52167cce-5706-4c28-b370-174b7efdc190" testId="6dc10f22-9326-1114-4aac-09d13f12d7a3" testName="AddUserStory" computerName="GABY-PC" duration="00:00:00.0044095" startTime="2012-08-06T17:06:08.5130000-03:00" endTime="2012-08-06T17:06:08.5230000-03:00" testType="13cdc9d9-ddb5-4fa4-a97d-d965ccfc6d4b" outcome="Passed" testListId="8c84fa94-04c1-424b-9868-57a2d4851a1d" relativeResultsDirectory="52167cce-5706-4c28-b370-174b7efdc190">
      <Output>
        <StdOut>Given I have a Product Backlog
-&gt; done: ProductBacklogSteps.GivenIHaveAProductBacklog() (0.0s)
Then I should be able to add a User Story
-&gt; done: ProductBacklogSteps.ThenIShouldBeAbleToAddAUserStory() (0.0s)</StdOut>
      </Output>
    </UnitTestResult>
    <UnitTestResult executionId="e8434d61-7c97-458e-bc4d-33f34ccd3a3a" testId="6ebe4eec-fbe9-caaf-0a7f-0a6912e407ef" testName="AProjectShouldHaveABacklog" computerName="GABY-PC" duration="00:00:00.0018969" startTime="2012-08-06T17:06:08.5270000-03:00" endTime="2012-08-06T17:06:08.5330000-03:00" testType="13cdc9d9-ddb5-4fa4-a97d-d965ccfc6d4b" outcome="Passed" testListId="8c84fa94-04c1-424b-9868-57a2d4851a1d" relativeResultsDirectory="e8434d61-7c97-458e-bc4d-33f34ccd3a3a">
      <Output>
        <StdOut>Given I have a project
-&gt; done: ProjectSteps.GivenIHaveAProject() (0.0s)
Then It should have a backlog
-&gt; done: ProjectSteps.ThenItShouldHaveABacklog() (0.0s)</StdOut>
      </Output>
    </UnitTestResult>
    <UnitTestResult executionId="45b35364-f4ed-4016-af92-3dd3bfd367a6" testId="9bcca343-b7e7-300b-ae17-436385c1fe2d" testName="AProjectShouldHaveAName" computerName="GABY-PC" duration="00:00:00.0013264" startTime="2012-08-06T17:06:08.5340000-03:00" endTime="2012-08-06T17:06:08.5400000-03:00" testType="13cdc9d9-ddb5-4fa4-a97d-d965ccfc6d4b" outcome="Passed" testListId="8c84fa94-04c1-424b-9868-57a2d4851a1d" relativeResultsDirectory="45b35364-f4ed-4016-af92-3dd3bfd367a6">
      <Output>
        <StdOut>Given I have a project
-&gt; done: ProjectSteps.GivenIHaveAProject() (0.0s)
Then I should be hable to assign a name to it
-&gt; done: ProjectSteps.ThenIShouldBeHableToAssignANameToIt() (0.0s)</StdOut>
      </Output>
    </UnitTestResult>
    <UnitTestResult executionId="9be6c59e-ff4f-4ddc-bc37-fb8f00611ef4" testId="a85e59b0-fb9e-dbc6-5ccf-2d106774cd5a" testName="IShouldBeHableToUniquelyIdentifyAUserStory" computerName="GABY-PC" duration="00:00:00.0008025" startTime="2012-08-06T17:06:08.5410000-03:00" endTime="2012-08-06T17:06:08.5460000-03:00" testType="13cdc9d9-ddb5-4fa4-a97d-d965ccfc6d4b" outcome="Passed" testListId="8c84fa94-04c1-424b-9868-57a2d4851a1d" relativeResultsDirectory="9be6c59e-ff4f-4ddc-bc37-fb8f00611ef4">
      <Output>
        <StdOut>Given I have a story
-&gt; done: UserStorySteps.GivenIHaveAStory() (0.0s)
Then It should have a unique key
-&gt; done: GenericSteps.ThenIShouldBeHableToUniquelyIdentifyIt() (0.0s)</StdOut>
      </Output>
    </UnitTestResult>
    <UnitTestResult executionId="ff14a9fc-0075-4bd4-b127-298852f6b1c9" testId="f392da82-59ca-fea6-4780-6cc0fd467d1b" testName="ANewUserStoryShouldStartWithATemplate" computerName="GABY-PC" duration="00:00:00.0080877" startTime="2012-08-06T17:06:08.5470000-03:00" endTime="2012-08-06T17:06:08.5590000-03:00" testType="13cdc9d9-ddb5-4fa4-a97d-d965ccfc6d4b" outcome="Passed" testListId="8c84fa94-04c1-424b-9868-57a2d4851a1d" relativeResultsDirectory="ff14a9fc-0075-4bd4-b127-298852f6b1c9">
      <Output>
        <StdOut>When I create a new story
-&gt; done: UserStorySteps.WhenICreateANewStory() (0.0s)
Then the story should follow this template 'As a &lt;role&gt;, I want &lt;goal/desire&gt; so that &lt;benefit&gt;'
-&gt; done: UserStorySteps.ThenTheStoryShouldFollowThisTemplate("As a &lt;role&gt;, I wa...") (0.0s)</StdOut>
      </Output>
    </UnitTestResult>
  </Results>
</TestRun>